Using pre-set license
Built from '2021.3/staging' branch; Version is '2021.3.14f1 (eee1884e7226) revision 15655304'; Using compiler version '192829333'; Build Type 'Release'
OS: 'Windows 10  (10.0.19045) 64bit Professional' Language: 'en' Physical Memory: 16328 MB
BatchMode: 1, IsHumanControllingUs: 0, StartBugReporterOnCrash: 0, Is64bit: 1, IsPro: 1

COMMAND LINE ARGUMENTS:
C:\Program Files\Unity\Hub\Editor\2021.3.14f1\Editor\Unity.exe
-adb2
-batchMode
-noUpm
-name
AssetImportWorker0
-projectPath
C:/Users/ADMIN/Desktop/CrosBattleRush/BattleRush
-logFile
Logs/AssetImportWorker0.log
-srvPort
50065
Successfully changed project path to: C:/Users/ADMIN/Desktop/CrosBattleRush/BattleRush
C:/Users/ADMIN/Desktop/CrosBattleRush/BattleRush
[UnityMemory] Configuration Parameters - Can be set up in boot.config
    "memorysetup-bucket-allocator-granularity=16"
    "memorysetup-bucket-allocator-bucket-count=8"
    "memorysetup-bucket-allocator-block-size=33554432"
    "memorysetup-bucket-allocator-block-count=8"
    "memorysetup-main-allocator-block-size=16777216"
    "memorysetup-thread-allocator-block-size=16777216"
    "memorysetup-gfx-main-allocator-block-size=16777216"
    "memorysetup-gfx-thread-allocator-block-size=16777216"
    "memorysetup-cache-allocator-block-size=4194304"
    "memorysetup-typetree-allocator-block-size=2097152"
    "memorysetup-profiler-bucket-allocator-granularity=16"
    "memorysetup-profiler-bucket-allocator-bucket-count=8"
    "memorysetup-profiler-bucket-allocator-block-size=33554432"
    "memorysetup-profiler-bucket-allocator-block-count=8"
    "memorysetup-profiler-allocator-block-size=16777216"
    "memorysetup-profiler-editor-allocator-block-size=1048576"
    "memorysetup-temp-allocator-size-main=16777216"
    "memorysetup-job-temp-allocator-block-size=2097152"
    "memorysetup-job-temp-allocator-block-size-background=1048576"
    "memorysetup-job-temp-allocator-reduction-small-platforms=262144"
    "memorysetup-temp-allocator-size-background-worker=32768"
    "memorysetup-temp-allocator-size-job-worker=262144"
    "memorysetup-temp-allocator-size-preload-manager=33554432"
    "memorysetup-temp-allocator-size-nav-mesh-worker=65536"
    "memorysetup-temp-allocator-size-audio-worker=65536"
    "memorysetup-temp-allocator-size-cloud-worker=32768"
    "memorysetup-temp-allocator-size-gi-baking-worker=262144"
    "memorysetup-temp-allocator-size-gfx=262144"
Refreshing native plugins compatible for Editor in 291.18 ms, found 4 plugins.
Preloading 0 native plugins for Editor in 0.00 ms.
Initialize engine version: 2021.3.14f1 (eee1884e7226)
[Subsystems] Discovering subsystems at path C:/Program Files/Unity/Hub/Editor/2021.3.14f1/Editor/Data/Resources/UnitySubsystems
[Subsystems] Discovering subsystems at path C:/Users/ADMIN/Desktop/CrosBattleRush/BattleRush/Assets
GfxDevice: creating device client; threaded=0; jobified=0
Direct3D:
    Version:  Direct3D 11.0 [level 11.1]
    Renderer: NVIDIA GeForce GT 1030 (ID=0x1d01)
    Vendor:   NVIDIA
    VRAM:     1982 MB
    Driver:   31.0.15.1694
Initialize mono
Mono path[0] = 'C:/Program Files/Unity/Hub/Editor/2021.3.14f1/Editor/Data/Managed'
Mono path[1] = 'C:/Program Files/Unity/Hub/Editor/2021.3.14f1/Editor/Data/MonoBleedingEdge/lib/mono/unityjit-win32'
Mono config path = 'C:/Program Files/Unity/Hub/Editor/2021.3.14f1/Editor/Data/MonoBleedingEdge/etc'
Using monoOptions --debugger-agent=transport=dt_socket,embedding=1,server=y,suspend=n,address=127.0.0.1:56184
Begin MonoManager ReloadAssembly
Registering precompiled unity dll's ...
Register platform support module: C:/Program Files/Unity/Hub/Editor/2021.3.14f1/Editor/Data/PlaybackEngines/AndroidPlayer/UnityEditor.Android.Extensions.dll
Register platform support module: C:/Program Files/Unity/Hub/Editor/2021.3.14f1/Editor/Data/PlaybackEngines/iOSSupport/UnityEditor.iOS.Extensions.dll
Register platform support module: C:/Program Files/Unity/Hub/Editor/2021.3.14f1/Editor/Data/PlaybackEngines/WindowsStandaloneSupport/UnityEditor.WindowsStandalone.Extensions.dll
Registered in 0.012110 seconds.
Native extension for WindowsStandalone target not found
[usbmuxd] Start listen thread
[usbmuxd] Listen thread started
Native extension for iOS target not found
Native extension for Android target not found
Refreshing native plugins compatible for Editor in 192.68 ms, found 4 plugins.
Preloading 0 native plugins for Editor in 0.00 ms.
Mono: successfully reloaded assembly
- Completed reload, in  1.011 seconds
Domain Reload Profiling:
	ReloadAssembly (1012ms)
		BeginReloadAssembly (104ms)
			ExecutionOrderSort (0ms)
			DisableScriptedObjects (0ms)
			BackupInstance (0ms)
			ReleaseScriptingObjects (0ms)
			CreateAndSetChildDomain (1ms)
		EndReloadAssembly (757ms)
			LoadAssemblies (104ms)
			RebuildTransferFunctionScriptingTraits (0ms)
			SetupTypeCache (205ms)
			ReleaseScriptCaches (0ms)
			RebuildScriptCaches (32ms)
			SetupLoadedEditorAssemblies (445ms)
				LogAssemblyErrors (0ms)
				InitializePlatformSupportModulesInManaged (82ms)
				SetLoadedEditorAssemblies (0ms)
				RefreshPlugins (193ms)
				BeforeProcessingInitializeOnLoad (1ms)
				ProcessInitializeOnLoadAttributes (115ms)
				ProcessInitializeOnLoadMethodAttributes (54ms)
				AfterProcessingInitializeOnLoad (0ms)
				EditorAssembliesLoaded (0ms)
			ExecutionOrderSort2 (0ms)
			AwakeInstancesAfterBackupRestoration (0ms)
Platform modules already initialized, skipping
Registering precompiled user dll's ...
Registered in 0.012642 seconds.
Begin MonoManager ReloadAssembly
Symbol file LoadedFromMemory doesn't match image C:\Users\ADMIN\Desktop\CrosBattleRush\BattleRush\Library\PackageCache\com.unity.visualscripting@1.7.8\Editor\VisualScripting.Core\Dependencies\YamlDotNet\Unity.VisualScripting.YamlDotNet.dll
Symbol file LoadedFromMemory doesn't match image C:\Users\ADMIN\Desktop\CrosBattleRush\BattleRush\Library\PackageCache\com.unity.visualscripting@1.7.8\Editor\VisualScripting.Core\Dependencies\DotNetZip\Unity.VisualScripting.IonicZip.dll
Native extension for WindowsStandalone target not found
Native extension for iOS target not found
Native extension for Android target not found
Refreshing native plugins compatible for Editor in 175.64 ms, found 4 plugins.
Preloading 0 native plugins for Editor in 0.00 ms.
Mono: successfully reloaded assembly
- Completed reload, in  2.044 seconds
Domain Reload Profiling:
	ReloadAssembly (2045ms)
		BeginReloadAssembly (245ms)
			ExecutionOrderSort (0ms)
			DisableScriptedObjects (6ms)
			BackupInstance (0ms)
			ReleaseScriptingObjects (0ms)
			CreateAndSetChildDomain (134ms)
		EndReloadAssembly (1655ms)
			LoadAssemblies (118ms)
			RebuildTransferFunctionScriptingTraits (0ms)
			SetupTypeCache (432ms)
			ReleaseScriptCaches (1ms)
			RebuildScriptCaches (110ms)
			SetupLoadedEditorAssemblies (930ms)
				LogAssemblyErrors (0ms)
				InitializePlatformSupportModulesInManaged (29ms)
				SetLoadedEditorAssemblies (0ms)
				RefreshPlugins (176ms)
				BeforeProcessingInitializeOnLoad (168ms)
				ProcessInitializeOnLoadAttributes (426ms)
				ProcessInitializeOnLoadMethodAttributes (118ms)
				AfterProcessingInitializeOnLoad (13ms)
				EditorAssembliesLoaded (0ms)
			ExecutionOrderSort2 (0ms)
			AwakeInstancesAfterBackupRestoration (11ms)
Platform modules already initialized, skipping
========================================================================
Worker process is ready to serve import requests
UniversalRenderPipelineAsset_Renderer is missing RendererFeatures
This could be due to missing scripts or compile error.
UnityEngine.StackTraceUtility:ExtractStackTrace ()
UnityEngine.DebugLogHandler:LogFormat (UnityEngine.LogType,UnityEngine.Object,string,object[])
UnityEngine.Logger:Log (UnityEngine.LogType,object,UnityEngine.Object)
UnityEngine.Debug:LogError (object,UnityEngine.Object)
UnityEngine.Rendering.Universal.ScriptableRendererData:ValidateRendererFeatures () (at Library/PackageCache/com.unity.render-pipelines.universal@12.1.8/Runtime/ScriptableRendererData.cs:181)
UnityEngine.Rendering.Universal.ScriptableRendererData:OnValidate () (at Library/PackageCache/com.unity.render-pipelines.universal@12.1.8/Runtime/ScriptableRendererData.cs:76)
UnityEngine.Rendering.Universal.UniversalRendererData:OnValidate () (at Library/PackageCache/com.unity.render-pipelines.universal@12.1.8/Runtime/UniversalRendererData.cs:269)

(Filename: Library/PackageCache/com.unity.render-pipelines.universal@12.1.8/Runtime/ScriptableRendererData.cs Line: 181)

Launched and connected shader compiler UnityShaderCompiler.exe after 0.05 seconds
Refreshing native plugins compatible for Editor in 1.97 ms, found 4 plugins.
Preloading 0 native plugins for Editor in 0.00 ms.
Unloading 6883 Unused Serialized files (Serialized files now loaded: 0)
Unloading 62 unused Assets / (0.8 MB). Loaded Objects now: 7321.
Memory consumption went from 261.6 MB to 260.8 MB.
Total: 4.045700 ms (FindLiveObjects: 0.520500 ms CreateObjectMapping: 0.493500 ms MarkObjects: 2.729000 ms  DeleteObjects: 0.301700 ms)

AssetImportParameters requested are different than current active one (requested -> active):
  custom:video-decoder-ogg-theora: a1e56fd34408186e4bbccfd4996cb3dc -> 
  custom:container-muxer-webm: aa71ff27fc2769a1b78a27578f13a17b -> 
  custom:container-demuxer-webm: 4f35f7cbe854078d1ac9338744f61a02 -> 
  custom:video-encoder-webm-vp8: eb34c28f22e8b96e1ab97ce403110664 -> 
  custom:audio-encoder-webm-vorbis: bf7c407c2cedff20999df2af8eb42d56 -> 
  custom:framework-win-MediaFoundation: 216162199b28c13a410421893ffa2e32 -> 
  custom:container-demuxer-ogg: 62fdf1f143b41e24485cea50d1cbac27 -> 
  custom:video-decoder-webm-vp8: 9c59270c3fd7afecdb556c50c9e8de78 -> 
  custom:audio-decoder-ogg-vorbis: bf7c407c2cedff20999df2af8eb42d56 -> 
========================================================================
Received Import Request.
  Time since last request: 2942.876483 seconds.
  path: Assets/UniversalRenderPipelineGlobalSettings.asset
  artifactKey: Guid(b72105e373f5e5b42b2f34783b70d556) Importer(815301076,1909f56bfc062723c751e8b465ee728b)
Start importing Assets/UniversalRenderPipelineGlobalSettings.asset using Guid(b72105e373f5e5b42b2f34783b70d556) Importer(815301076,1909f56bfc062723c751e8b465ee728b)  -> (artifact id: '814709eec9d9ab36af9c0fdfe66d0b4b') in 0.052920 seconds 
========================================================================
Received Prepare
Registering precompiled user dll's ...
Registered in 0.014111 seconds.
Begin MonoManager ReloadAssembly
Symbol file LoadedFromMemory doesn't match image C:\Users\ADMIN\Desktop\CrosBattleRush\BattleRush\Library\PackageCache\com.unity.visualscripting@1.7.8\Editor\VisualScripting.Core\Dependencies\YamlDotNet\Unity.VisualScripting.YamlDotNet.dll
Symbol file LoadedFromMemory doesn't match image C:\Users\ADMIN\Desktop\CrosBattleRush\BattleRush\Library\PackageCache\com.unity.visualscripting@1.7.8\Editor\VisualScripting.Core\Dependencies\DotNetZip\Unity.VisualScripting.IonicZip.dll
Native extension for WindowsStandalone target not found
Native extension for iOS target not found
Native extension for Android target not found
Refreshing native plugins compatible for Editor in 1.73 ms, found 4 plugins.
Preloading 0 native plugins for Editor in 0.00 ms.
System.InvalidOperationException: Sequence contains no matching element
  at System.Linq.Enumerable.Single[TSource] (System.Collections.Generic.IEnumerable`1[T] source, System.Func`2[T,TResult] predicate) [0x00070] in <109e781b32ec464d8737a667de805742>:0 
  at AdvancedCoroutineInitializer.ApplyExecutionOrderToScript (System.String sctiptName, System.Int32 exucutionIndex) [0x0000d] in C:\Users\ADMIN\Desktop\CrosBattleRush\BattleRush\Assets\CommonLibrary\AdvancedCoroutines\AdvancedCoroutineInitializer.cs:27 
  at AdvancedCoroutineInitializer..cctor () [0x0001f] in C:\Users\ADMIN\Desktop\CrosBattleRush\BattleRush\Assets\CommonLibrary\AdvancedCoroutines\AdvancedCoroutineInitializer.cs:21 
UnityEngine.StackTraceUtility:ExtractStackTrace ()
UnityEngine.DebugLogHandler:LogFormat (UnityEngine.LogType,UnityEngine.Object,string,object[])
UnityEngine.Logger:Log (UnityEngine.LogType,object)
UnityEngine.Debug:LogError (object)
UnityEditor.EditorAssemblies:ProcessInitializeOnLoadAttributes (System.Type[])

UniversalRenderPipelineAsset_Renderer is missing RendererFeatures
This could be due to missing scripts or compile error.
UnityEngine.StackTraceUtility:ExtractStackTrace ()
UnityEngine.DebugLogHandler:LogFormat (UnityEngine.LogType,UnityEngine.Object,string,object[])
UnityEngine.Logger:Log (UnityEngine.LogType,object,UnityEngine.Object)
UnityEngine.Debug:LogError (object,UnityEngine.Object)
UnityEngine.Rendering.Universal.ScriptableRendererData:ValidateRendererFeatures () (at Library/PackageCache/com.unity.render-pipelines.universal@12.1.8/Runtime/ScriptableRendererData.cs:181)
UnityEngine.Rendering.Universal.ScriptableRendererData:OnValidate () (at Library/PackageCache/com.unity.render-pipelines.universal@12.1.8/Runtime/ScriptableRendererData.cs:76)
UnityEngine.Rendering.Universal.UniversalRendererData:OnValidate () (at Library/PackageCache/com.unity.render-pipelines.universal@12.1.8/Runtime/UniversalRendererData.cs:269)

(Filename: Library/PackageCache/com.unity.render-pipelines.universal@12.1.8/Runtime/ScriptableRendererData.cs Line: 181)

Mono: successfully reloaded assembly
- Completed reload, in  1.588 seconds
Domain Reload Profiling:
	ReloadAssembly (1594ms)
		BeginReloadAssembly (244ms)
			ExecutionOrderSort (0ms)
			DisableScriptedObjects (4ms)
			BackupInstance (0ms)
			ReleaseScriptingObjects (0ms)
			CreateAndSetChildDomain (110ms)
		EndReloadAssembly (1220ms)
			LoadAssemblies (112ms)
			RebuildTransferFunctionScriptingTraits (0ms)
			SetupTypeCache (388ms)
			ReleaseScriptCaches (2ms)
			RebuildScriptCaches (67ms)
			SetupLoadedEditorAssemblies (594ms)
				LogAssemblyErrors (0ms)
				InitializePlatformSupportModulesInManaged (32ms)
				SetLoadedEditorAssemblies (1ms)
				RefreshPlugins (2ms)
				BeforeProcessingInitializeOnLoad (116ms)
				ProcessInitializeOnLoadAttributes (338ms)
				ProcessInitializeOnLoadMethodAttributes (96ms)
				AfterProcessingInitializeOnLoad (9ms)
				EditorAssembliesLoaded (0ms)
			ExecutionOrderSort2 (0ms)
			AwakeInstancesAfterBackupRestoration (12ms)
Platform modules already initialized, skipping
Refreshing native plugins compatible for Editor in 4.57 ms, found 4 plugins.
Preloading 0 native plugins for Editor in 0.00 ms.
Unloading 6787 Unused Serialized files (Serialized files now loaded: 0)
Unloading 41 unused Assets / (0.8 MB). Loaded Objects now: 7337.
Memory consumption went from 253.9 MB to 253.1 MB.
Total: 6.379300 ms (FindLiveObjects: 0.471300 ms CreateObjectMapping: 0.435100 ms MarkObjects: 4.967100 ms  DeleteObjects: 0.504100 ms)

AssetImportParameters requested are different than current active one (requested -> active):
  custom:video-decoder-ogg-theora: a1e56fd34408186e4bbccfd4996cb3dc -> 
  custom:container-muxer-webm: aa71ff27fc2769a1b78a27578f13a17b -> 
  custom:container-demuxer-webm: 4f35f7cbe854078d1ac9338744f61a02 -> 
  custom:video-encoder-webm-vp8: eb34c28f22e8b96e1ab97ce403110664 -> 
  custom:audio-encoder-webm-vorbis: bf7c407c2cedff20999df2af8eb42d56 -> 
  custom:framework-win-MediaFoundation: 216162199b28c13a410421893ffa2e32 -> 
  custom:container-demuxer-ogg: 62fdf1f143b41e24485cea50d1cbac27 -> 
  custom:video-decoder-webm-vp8: 9c59270c3fd7afecdb556c50c9e8de78 -> 
  custom:audio-decoder-ogg-vorbis: bf7c407c2cedff20999df2af8eb42d56 -> 
========================================================================
Received Import Request.
  Time since last request: 17.979388 seconds.
  path: Assets/BattleRush/Object/Sub/Hammer/HammerUI.prefab
  artifactKey: Guid(a71a109cbc87dbc45b711c9c27b0e9b1) Importer(815301076,1909f56bfc062723c751e8b465ee728b)
Start importing Assets/BattleRush/Object/Sub/Hammer/HammerUI.prefab using Guid(a71a109cbc87dbc45b711c9c27b0e9b1) Importer(815301076,1909f56bfc062723c751e8b465ee728b)  -> (artifact id: '8f89d5ab5672757854e179926e2d5cd1') in 0.774207 seconds 
========================================================================
Received Import Request.
  Time since last request: 0.000032 seconds.
  path: Assets/BattleRush/Object/Sub/SawBlade/SawBladeUI.prefab
  artifactKey: Guid(7c331a6c61598cd4f84ab325c3c88198) Importer(815301076,1909f56bfc062723c751e8b465ee728b)
Start importing Assets/BattleRush/Object/Sub/SawBlade/SawBladeUI.prefab using Guid(7c331a6c61598cd4f84ab325c3c88198) Importer(815301076,1909f56bfc062723c751e8b465ee728b)  -> (artifact id: 'e426a51cb81637f66117068ba9e5ba7e') in 0.777357 seconds 
========================================================================
Received Import Request.
  Time since last request: 0.000040 seconds.
  path: Assets/BattleRush/Object/Sub/UpgradeGateFree/UpgradeGateFreeUI.prefab
  artifactKey: Guid(3a1f3364b92f6f24ba9afcef2a5dc157) Importer(815301076,1909f56bfc062723c751e8b465ee728b)
Start importing Assets/BattleRush/Object/Sub/UpgradeGateFree/UpgradeGateFreeUI.prefab using Guid(3a1f3364b92f6f24ba9afcef2a5dc157) Importer(815301076,1909f56bfc062723c751e8b465ee728b)  -> (artifact id: '6966d812c81f04fc0310d1ab8e4281c2') in 1.433787 seconds 
========================================================================
Received Import Request.
  Time since last request: 0.000361 seconds.
  path: Assets/BattleRush/Object/Sub/TroopCage/TroopCageUI.prefab
  artifactKey: Guid(8480fe34fb45d7b41930b2045a4a4f76) Importer(815301076,1909f56bfc062723c751e8b465ee728b)
Start importing Assets/BattleRush/Object/Sub/TroopCage/TroopCageUI.prefab using Guid(8480fe34fb45d7b41930b2045a4a4f76) Importer(815301076,1909f56bfc062723c751e8b465ee728b)  -> (artifact id: 'afcc533cd2d1bcee1953c45b0ea645e5') in 5.906403 seconds 
========================================================================
Received Import Request.
  Time since last request: 0.000030 seconds.
  path: Assets/BattleRush/Object/Sub/UpgradeGateCharge/UpgradeGateChargeUI.prefab
  artifactKey: Guid(3ad7a08c45fc054419339a9e376bd3a4) Importer(815301076,1909f56bfc062723c751e8b465ee728b)
Start importing Assets/BattleRush/Object/Sub/UpgradeGateCharge/UpgradeGateChargeUI.prefab using Guid(3ad7a08c45fc054419339a9e376bd3a4) Importer(815301076,1909f56bfc062723c751e8b465ee728b)  -> (artifact id: '7e2bb723a6a47b434a4a53b7b7517a11') in 0.065463 seconds 
========================================================================
Received Import Request.
  Time since last request: 0.000048 seconds.
  path: Assets/BattleRush/Object/Sub/Coin/CoinUI.prefab
  artifactKey: Guid(fd4b19fc6fed7ef4e8cc833dda5018bc) Importer(815301076,1909f56bfc062723c751e8b465ee728b)
Start importing Assets/BattleRush/Object/Sub/Coin/CoinUI.prefab using Guid(fd4b19fc6fed7ef4e8cc833dda5018bc) Importer(815301076,1909f56bfc062723c751e8b465ee728b)  -> (artifact id: '26dc0249df85fedebbb0050ae135fd68') in 0.470170 seconds 
========================================================================
Received Import Request.
  Time since last request: 0.000027 seconds.
  path: Assets/BattleRush/Object/Sub/EnergyOrbNormal/EnergyOrbNormal.prefab
  artifactKey: Guid(1b02f2389aa213947a85c4e47032daad) Importer(815301076,1909f56bfc062723c751e8b465ee728b)
Start importing Assets/BattleRush/Object/Sub/EnergyOrbNormal/EnergyOrbNormal.prefab using Guid(1b02f2389aa213947a85c4e47032daad) Importer(815301076,1909f56bfc062723c751e8b465ee728b)  -> (artifact id: 'f6f07e850720d760db13c93fdaa2f6c7') in 0.054162 seconds 
========================================================================
Received Import Request.
  Time since last request: 0.000040 seconds.
  path: Assets/BattleRush/Object/Sub/Grinder/GrinderUI.prefab
  artifactKey: Guid(8ba010185e56d764ea5f2340073f0023) Importer(815301076,1909f56bfc062723c751e8b465ee728b)
Start importing Assets/BattleRush/Object/Sub/Grinder/GrinderUI.prefab using Guid(8ba010185e56d764ea5f2340073f0023) Importer(815301076,1909f56bfc062723c751e8b465ee728b)  -> (artifact id: 'ec07fdb733ae4d28c7b94402ec6afc0b') in 0.024088 seconds 
========================================================================
Received Import Request.
  Time since last request: 0.000024 seconds.
  path: Assets/BattleRush/Object/Sub/EnergyOrbUpgrade/EnergyOrbUpgradeUI.prefab
  artifactKey: Guid(d047705ef9dacf1469dee5391ee28d90) Importer(815301076,1909f56bfc062723c751e8b465ee728b)
Start importing Assets/BattleRush/Object/Sub/EnergyOrbUpgrade/EnergyOrbUpgradeUI.prefab using Guid(d047705ef9dacf1469dee5391ee28d90) Importer(815301076,1909f56bfc062723c751e8b465ee728b)  -> (artifact id: 'c77e0797693be539a9cb34bb087ae785') in 0.053200 seconds 
========================================================================
Received Import Request.
  Time since last request: 0.000029 seconds.
  path: Assets/BattleRush/Object/Sub/EnergyOrbPower/EnergyOrbPowerUI.prefab
  artifactKey: Guid(44369f113eff4dd43b86be4d3d779c3e) Importer(815301076,1909f56bfc062723c751e8b465ee728b)
Start importing Assets/BattleRush/Object/Sub/EnergyOrbPower/EnergyOrbPowerUI.prefab using Guid(44369f113eff4dd43b86be4d3d779c3e) Importer(815301076,1909f56bfc062723c751e8b465ee728b)  -> (artifact id: '7df2aa6a13836dc3ede656af2412e1dd') in 0.067871 seconds 
========================================================================
Received Import Request.
  Time since last request: 0.000032 seconds.
  path: Assets/BattleRush/Object/Sub/CocoonMantah/CocoonMantahUI.prefab
  artifactKey: Guid(35d24106568784e489470648459a9da0) Importer(815301076,1909f56bfc062723c751e8b465ee728b)
Start importing Assets/BattleRush/Object/Sub/CocoonMantah/CocoonMantahUI.prefab using Guid(35d24106568784e489470648459a9da0) Importer(815301076,1909f56bfc062723c751e8b465ee728b)  -> (artifact id: 'aa10913e59388ea751a8996d3f89200d') in 0.074148 seconds 
========================================================================
Received Import Request.
  Time since last request: 0.000029 seconds.
  path: Assets/BattleRush/Object/Sub/FireNozzle/FireNozzleUI.prefab
  artifactKey: Guid(1c0ac1b379740ba4cbe7b5f24657b3f2) Importer(815301076,1909f56bfc062723c751e8b465ee728b)
Start importing Assets/BattleRush/Object/Sub/FireNozzle/FireNozzleUI.prefab using Guid(1c0ac1b379740ba4cbe7b5f24657b3f2) Importer(815301076,1909f56bfc062723c751e8b465ee728b)  -> (artifact id: 'f29a3b3b09bcb23b069f5ea45d54e480') in 0.030553 seconds 
========================================================================
Received Import Request.
  Time since last request: 0.000057 seconds.
  path: Assets/BattleRush/Object/Sub/Pike/PikeUI.prefab
  artifactKey: Guid(7986dd7cd6e82194fb93c158e0a4f5da) Importer(815301076,1909f56bfc062723c751e8b465ee728b)
Start importing Assets/BattleRush/Object/Sub/Pike/PikeUI.prefab using Guid(7986dd7cd6e82194fb93c158e0a4f5da) Importer(815301076,1909f56bfc062723c751e8b465ee728b)  -> (artifact id: '2f51d49659002f0c2c735d37ddd5e3d5') in 0.048989 seconds 
========================================================================
Received Import Request.
  Time since last request: 0.000024 seconds.
  path: Assets/BattleRush/Object/Sub/Blade/BladeUI.prefab
  artifactKey: Guid(3b0c456bccc690442af88438fc3e0533) Importer(815301076,1909f56bfc062723c751e8b465ee728b)
Start importing Assets/BattleRush/Object/Sub/Blade/BladeUI.prefab using Guid(3b0c456bccc690442af88438fc3e0533) Importer(815301076,1909f56bfc062723c751e8b465ee728b)  -> (artifact id: '7d8fe1df58054a44bd53e742fb475a4f') in 0.574074 seconds 
========================================================================
Received Prepare
Registering precompiled user dll's ...
Registered in 0.009436 seconds.
Begin MonoManager ReloadAssembly
Symbol file LoadedFromMemory doesn't match image C:\Users\ADMIN\Desktop\CrosBattleRush\BattleRush\Library\PackageCache\com.unity.visualscripting@1.7.8\Editor\VisualScripting.Core\Dependencies\YamlDotNet\Unity.VisualScripting.YamlDotNet.dll
Symbol file LoadedFromMemory doesn't match image C:\Users\ADMIN\Desktop\CrosBattleRush\BattleRush\Library\PackageCache\com.unity.visualscripting@1.7.8\Editor\VisualScripting.Core\Dependencies\DotNetZip\Unity.VisualScripting.IonicZip.dll
Native extension for WindowsStandalone target not found
Native extension for iOS target not found
Native extension for Android target not found
Refreshing native plugins compatible for Editor in 1.26 ms, found 4 plugins.
Preloading 0 native plugins for Editor in 0.00 ms.
System.InvalidOperationException: Sequence contains no matching element
  at System.Linq.Enumerable.Single[TSource] (System.Collections.Generic.IEnumerable`1[T] source, System.Func`2[T,TResult] predicate) [0x00070] in <109e781b32ec464d8737a667de805742>:0 
  at AdvancedCoroutineInitializer.ApplyExecutionOrderToScript (System.String sctiptName, System.Int32 exucutionIndex) [0x0000d] in C:\Users\ADMIN\Desktop\CrosBattleRush\BattleRush\Assets\CommonLibrary\AdvancedCoroutines\AdvancedCoroutineInitializer.cs:27 
  at AdvancedCoroutineInitializer..cctor () [0x0001f] in C:\Users\ADMIN\Desktop\CrosBattleRush\BattleRush\Assets\CommonLibrary\AdvancedCoroutines\AdvancedCoroutineInitializer.cs:21 
UnityEngine.StackTraceUtility:ExtractStackTrace ()
UnityEngine.DebugLogHandler:LogFormat (UnityEngine.LogType,UnityEngine.Object,string,object[])
UnityEngine.Logger:Log (UnityEngine.LogType,object)
UnityEngine.Debug:LogError (object)
UnityEditor.EditorAssemblies:ProcessInitializeOnLoadAttributes (System.Type[])

UniversalRenderPipelineAsset_Renderer is missing RendererFeatures
This could be due to missing scripts or compile error.
UnityEngine.StackTraceUtility:ExtractStackTrace ()
UnityEngine.DebugLogHandler:LogFormat (UnityEngine.LogType,UnityEngine.Object,string,object[])
UnityEngine.Logger:Log (UnityEngine.LogType,object,UnityEngine.Object)
UnityEngine.Debug:LogError (object,UnityEngine.Object)
UnityEngine.Rendering.Universal.ScriptableRendererData:ValidateRendererFeatures () (at Library/PackageCache/com.unity.render-pipelines.universal@12.1.8/Runtime/ScriptableRendererData.cs:181)
UnityEngine.Rendering.Universal.ScriptableRendererData:OnValidate () (at Library/PackageCache/com.unity.render-pipelines.universal@12.1.8/Runtime/ScriptableRendererData.cs:76)
UnityEngine.Rendering.Universal.UniversalRendererData:OnValidate () (at Library/PackageCache/com.unity.render-pipelines.universal@12.1.8/Runtime/UniversalRendererData.cs:269)

(Filename: Library/PackageCache/com.unity.render-pipelines.universal@12.1.8/Runtime/ScriptableRendererData.cs Line: 181)

Mono: successfully reloaded assembly
- Completed reload, in  1.317 seconds
Domain Reload Profiling:
	ReloadAssembly (1318ms)
		BeginReloadAssembly (161ms)
			ExecutionOrderSort (0ms)
			DisableScriptedObjects (10ms)
			BackupInstance (0ms)
			ReleaseScriptingObjects (0ms)
			CreateAndSetChildDomain (52ms)
		EndReloadAssembly (1059ms)
			LoadAssemblies (100ms)
			RebuildTransferFunctionScriptingTraits (0ms)
			SetupTypeCache (328ms)
			ReleaseScriptCaches (2ms)
			RebuildScriptCaches (52ms)
			SetupLoadedEditorAssemblies (502ms)
				LogAssemblyErrors (0ms)
				InitializePlatformSupportModulesInManaged (30ms)
				SetLoadedEditorAssemblies (0ms)
				RefreshPlugins (1ms)
				BeforeProcessingInitializeOnLoad (103ms)
				ProcessInitializeOnLoadAttributes (283ms)
				ProcessInitializeOnLoadMethodAttributes (76ms)
				AfterProcessingInitializeOnLoad (8ms)
				EditorAssembliesLoaded (0ms)
			ExecutionOrderSort2 (0ms)
			AwakeInstancesAfterBackupRestoration (17ms)
Platform modules already initialized, skipping
Refreshing native plugins compatible for Editor in 4.24 ms, found 4 plugins.
Preloading 0 native plugins for Editor in 0.00 ms.
Unloading 6809 Unused Serialized files (Serialized files now loaded: 0)
Unloading 48 unused Assets / (0.8 MB). Loaded Objects now: 7418.
Memory consumption went from 262.0 MB to 261.3 MB.
Total: 4.243100 ms (FindLiveObjects: 0.480000 ms CreateObjectMapping: 0.445700 ms MarkObjects: 2.986300 ms  DeleteObjects: 0.330200 ms)

AssetImportParameters requested are different than current active one (requested -> active):
  custom:video-decoder-ogg-theora: a1e56fd34408186e4bbccfd4996cb3dc -> 
  custom:container-muxer-webm: aa71ff27fc2769a1b78a27578f13a17b -> 
  custom:container-demuxer-webm: 4f35f7cbe854078d1ac9338744f61a02 -> 
  custom:video-encoder-webm-vp8: eb34c28f22e8b96e1ab97ce403110664 -> 
  custom:audio-encoder-webm-vorbis: bf7c407c2cedff20999df2af8eb42d56 -> 
  custom:framework-win-MediaFoundation: 216162199b28c13a410421893ffa2e32 -> 
  custom:container-demuxer-ogg: 62fdf1f143b41e24485cea50d1cbac27 -> 
  custom:video-decoder-webm-vp8: 9c59270c3fd7afecdb556c50c9e8de78 -> 
  custom:audio-decoder-ogg-vorbis: bf7c407c2cedff20999df2af8eb42d56 -> 
========================================================================
Received Import Request.
  Time since last request: 1899.551021 seconds.
  path: Assets
  artifactKey: Guid(00000000000000001000000000000000) Importer(815301076,1909f56bfc062723c751e8b465ee728b)
Start importing Assets using Guid(00000000000000001000000000000000) Importer(815301076,1909f56bfc062723c751e8b465ee728b)  -> (artifact id: '79842766b460edbeab6a34051e857a80') in 0.013313 seconds 
========================================================================
Received Import Request.
  Time since last request: 4.560920 seconds.
  path: Assets/Ads
  artifactKey: Guid(9dd3aaccc675bd74180222ece649fe52) Importer(815301076,1909f56bfc062723c751e8b465ee728b)
Start importing Assets/Ads using Guid(9dd3aaccc675bd74180222ece649fe52) Importer(815301076,1909f56bfc062723c751e8b465ee728b)  -> (artifact id: '16a94d4bb2cef06aee9153bb5d568fa7') in 0.006142 seconds 
========================================================================
Received Import Request.
  Time since last request: 9.202741 seconds.
  path: Assets/Dzung Assets/Portraits/Portraits Hero/portrait_glob.jpg
  artifactKey: Guid(9d5f4556f7dbd8943b3954acdae11eca) Importer(815301076,1909f56bfc062723c751e8b465ee728b)
Start importing Assets/Dzung Assets/Portraits/Portraits Hero/portrait_glob.jpg using Guid(9d5f4556f7dbd8943b3954acdae11eca) Importer(815301076,1909f56bfc062723c751e8b465ee728b)  -> (artifact id: '27316011dcdea2e6cf4b9c8dcf141c64') in 0.172758 seconds 
========================================================================
Received Prepare
Registering precompiled user dll's ...
Registered in 0.031489 seconds.
Begin MonoManager ReloadAssembly
Symbol file LoadedFromMemory doesn't match image C:\Users\ADMIN\Desktop\CrosBattleRush\BattleRush\Library\PackageCache\com.unity.visualscripting@1.7.8\Editor\VisualScripting.Core\Dependencies\YamlDotNet\Unity.VisualScripting.YamlDotNet.dll
Symbol file LoadedFromMemory doesn't match image C:\Users\ADMIN\Desktop\CrosBattleRush\BattleRush\Library\PackageCache\com.unity.visualscripting@1.7.8\Editor\VisualScripting.Core\Dependencies\DotNetZip\Unity.VisualScripting.IonicZip.dll
Native extension for WindowsStandalone target not found
Native extension for iOS target not found
Native extension for Android target not found
Refreshing native plugins compatible for Editor in 1.57 ms, found 4 plugins.
Preloading 0 native plugins for Editor in 0.00 ms.
System.InvalidOperationException: Sequence contains no matching element
  at System.Linq.Enumerable.Single[TSource] (System.Collections.Generic.IEnumerable`1[T] source, System.Func`2[T,TResult] predicate) [0x00070] in <109e781b32ec464d8737a667de805742>:0 
  at AdvancedCoroutineInitializer.ApplyExecutionOrderToScript (System.String sctiptName, System.Int32 exucutionIndex) [0x0000d] in C:\Users\ADMIN\Desktop\CrosBattleRush\BattleRush\Assets\CommonLibrary\AdvancedCoroutines\AdvancedCoroutineInitializer.cs:27 
  at AdvancedCoroutineInitializer..cctor () [0x0001f] in C:\Users\ADMIN\Desktop\CrosBattleRush\BattleRush\Assets\CommonLibrary\AdvancedCoroutines\AdvancedCoroutineInitializer.cs:21 
UnityEngine.StackTraceUtility:ExtractStackTrace ()
UnityEngine.DebugLogHandler:LogFormat (UnityEngine.LogType,UnityEngine.Object,string,object[])
UnityEngine.Logger:Log (UnityEngine.LogType,object)
UnityEngine.Debug:LogError (object)
UnityEditor.EditorAssemblies:ProcessInitializeOnLoadAttributes (System.Type[])

UniversalRenderPipelineAsset_Renderer is missing RendererFeatures
This could be due to missing scripts or compile error.
UnityEngine.StackTraceUtility:ExtractStackTrace ()
UnityEngine.DebugLogHandler:LogFormat (UnityEngine.LogType,UnityEngine.Object,string,object[])
UnityEngine.Logger:Log (UnityEngine.LogType,object,UnityEngine.Object)
UnityEngine.Debug:LogError (object,UnityEngine.Object)
UnityEngine.Rendering.Universal.ScriptableRendererData:ValidateRendererFeatures () (at Library/PackageCache/com.unity.render-pipelines.universal@12.1.8/Runtime/ScriptableRendererData.cs:181)
UnityEngine.Rendering.Universal.ScriptableRendererData:OnValidate () (at Library/PackageCache/com.unity.render-pipelines.universal@12.1.8/Runtime/ScriptableRendererData.cs:76)
UnityEngine.Rendering.Universal.UniversalRendererData:OnValidate () (at Library/PackageCache/com.unity.render-pipelines.universal@12.1.8/Runtime/UniversalRendererData.cs:269)

(Filename: Library/PackageCache/com.unity.render-pipelines.universal@12.1.8/Runtime/ScriptableRendererData.cs Line: 181)

Mono: successfully reloaded assembly
- Completed reload, in  1.337 seconds
Domain Reload Profiling:
	ReloadAssembly (1338ms)
		BeginReloadAssembly (145ms)
			ExecutionOrderSort (0ms)
			DisableScriptedObjects (5ms)
			BackupInstance (0ms)
			ReleaseScriptingObjects (0ms)
			CreateAndSetChildDomain (45ms)
		EndReloadAssembly (1092ms)
			LoadAssemblies (107ms)
			RebuildTransferFunctionScriptingTraits (0ms)
			SetupTypeCache (336ms)
			ReleaseScriptCaches (2ms)
			RebuildScriptCaches (52ms)
			SetupLoadedEditorAssemblies (519ms)
				LogAssemblyErrors (0ms)
				InitializePlatformSupportModulesInManaged (31ms)
				SetLoadedEditorAssemblies (0ms)
				RefreshPlugins (2ms)
				BeforeProcessingInitializeOnLoad (111ms)
				ProcessInitializeOnLoadAttributes (285ms)
				ProcessInitializeOnLoadMethodAttributes (81ms)
				AfterProcessingInitializeOnLoad (9ms)
				EditorAssembliesLoaded (0ms)
			ExecutionOrderSort2 (0ms)
			AwakeInstancesAfterBackupRestoration (15ms)
Platform modules already initialized, skipping
Refreshing native plugins compatible for Editor in 4.07 ms, found 4 plugins.
Preloading 0 native plugins for Editor in 0.00 ms.
Unloading 6818 Unused Serialized files (Serialized files now loaded: 0)
Unloading 46 unused Assets / (0.8 MB). Loaded Objects now: 7444.
Memory consumption went from 262.3 MB to 261.5 MB.
Total: 4.256700 ms (FindLiveObjects: 0.505600 ms CreateObjectMapping: 0.472700 ms MarkObjects: 2.966000 ms  DeleteObjects: 0.311800 ms)

AssetImportParameters requested are different than current active one (requested -> active):
  custom:video-decoder-ogg-theora: a1e56fd34408186e4bbccfd4996cb3dc -> 
  custom:container-muxer-webm: aa71ff27fc2769a1b78a27578f13a17b -> 
  custom:container-demuxer-webm: 4f35f7cbe854078d1ac9338744f61a02 -> 
  custom:video-encoder-webm-vp8: eb34c28f22e8b96e1ab97ce403110664 -> 
  custom:audio-encoder-webm-vorbis: bf7c407c2cedff20999df2af8eb42d56 -> 
  custom:framework-win-MediaFoundation: 216162199b28c13a410421893ffa2e32 -> 
  custom:container-demuxer-ogg: 62fdf1f143b41e24485cea50d1cbac27 -> 
  custom:video-decoder-webm-vp8: 9c59270c3fd7afecdb556c50c9e8de78 -> 
  custom:audio-decoder-ogg-vorbis: bf7c407c2cedff20999df2af8eb42d56 -> 
========================================================================
Received Prepare
Registering precompiled user dll's ...
Registered in 0.010807 seconds.
Begin MonoManager ReloadAssembly
Symbol file LoadedFromMemory doesn't match image C:\Users\ADMIN\Desktop\CrosBattleRush\BattleRush\Library\PackageCache\com.unity.visualscripting@1.7.8\Editor\VisualScripting.Core\Dependencies\YamlDotNet\Unity.VisualScripting.YamlDotNet.dll
Symbol file LoadedFromMemory doesn't match image C:\Users\ADMIN\Desktop\CrosBattleRush\BattleRush\Library\PackageCache\com.unity.visualscripting@1.7.8\Editor\VisualScripting.Core\Dependencies\DotNetZip\Unity.VisualScripting.IonicZip.dll
Native extension for WindowsStandalone target not found
Native extension for iOS target not found
Native extension for Android target not found
Refreshing native plugins compatible for Editor in 1.26 ms, found 4 plugins.
Preloading 0 native plugins for Editor in 0.00 ms.
System.InvalidOperationException: Sequence contains no matching element
  at System.Linq.Enumerable.Single[TSource] (System.Collections.Generic.IEnumerable`1[T] source, System.Func`2[T,TResult] predicate) [0x00070] in <109e781b32ec464d8737a667de805742>:0 
  at AdvancedCoroutineInitializer.ApplyExecutionOrderToScript (System.String sctiptName, System.Int32 exucutionIndex) [0x0000d] in C:\Users\ADMIN\Desktop\CrosBattleRush\BattleRush\Assets\CommonLibrary\AdvancedCoroutines\AdvancedCoroutineInitializer.cs:27 
  at AdvancedCoroutineInitializer..cctor () [0x0001f] in C:\Users\ADMIN\Desktop\CrosBattleRush\BattleRush\Assets\CommonLibrary\AdvancedCoroutines\AdvancedCoroutineInitializer.cs:21 
UnityEngine.StackTraceUtility:ExtractStackTrace ()
UnityEngine.DebugLogHandler:LogFormat (UnityEngine.LogType,UnityEngine.Object,string,object[])
UnityEngine.Logger:Log (UnityEngine.LogType,object)
UnityEngine.Debug:LogError (object)
UnityEditor.EditorAssemblies:ProcessInitializeOnLoadAttributes (System.Type[])

UniversalRenderPipelineAsset_Renderer is missing RendererFeatures
This could be due to missing scripts or compile error.
UnityEngine.StackTraceUtility:ExtractStackTrace ()
UnityEngine.DebugLogHandler:LogFormat (UnityEngine.LogType,UnityEngine.Object,string,object[])
UnityEngine.Logger:Log (UnityEngine.LogType,object,UnityEngine.Object)
UnityEngine.Debug:LogError (object,UnityEngine.Object)
UnityEngine.Rendering.Universal.ScriptableRendererData:ValidateRendererFeatures () (at Library/PackageCache/com.unity.render-pipelines.universal@12.1.8/Runtime/ScriptableRendererData.cs:181)
UnityEngine.Rendering.Universal.ScriptableRendererData:OnValidate () (at Library/PackageCache/com.unity.render-pipelines.universal@12.1.8/Runtime/ScriptableRendererData.cs:76)
UnityEngine.Rendering.Universal.UniversalRendererData:OnValidate () (at Library/PackageCache/com.unity.render-pipelines.universal@12.1.8/Runtime/UniversalRendererData.cs:269)

(Filename: Library/PackageCache/com.unity.render-pipelines.universal@12.1.8/Runtime/ScriptableRendererData.cs Line: 181)

Mono: successfully reloaded assembly
- Completed reload, in  1.339 seconds
Domain Reload Profiling:
	ReloadAssembly (1340ms)
		BeginReloadAssembly (145ms)
			ExecutionOrderSort (0ms)
			DisableScriptedObjects (5ms)
			BackupInstance (0ms)
			ReleaseScriptingObjects (0ms)
			CreateAndSetChildDomain (46ms)
		EndReloadAssembly (1089ms)
			LoadAssemblies (102ms)
			RebuildTransferFunctionScriptingTraits (0ms)
			SetupTypeCache (336ms)
			ReleaseScriptCaches (2ms)
			RebuildScriptCaches (55ms)
			SetupLoadedEditorAssemblies (519ms)
				LogAssemblyErrors (0ms)
				InitializePlatformSupportModulesInManaged (31ms)
				SetLoadedEditorAssemblies (0ms)
				RefreshPlugins (1ms)
				BeforeProcessingInitializeOnLoad (108ms)
				ProcessInitializeOnLoadAttributes (291ms)
				ProcessInitializeOnLoadMethodAttributes (78ms)
				AfterProcessingInitializeOnLoad (8ms)
				EditorAssembliesLoaded (0ms)
			ExecutionOrderSort2 (0ms)
			AwakeInstancesAfterBackupRestoration (15ms)
Platform modules already initialized, skipping
Refreshing native plugins compatible for Editor in 4.24 ms, found 4 plugins.
Preloading 0 native plugins for Editor in 0.00 ms.
Unloading 6826 Unused Serialized files (Serialized files now loaded: 0)
Unloading 47 unused Assets / (0.8 MB). Loaded Objects now: 7466.
Memory consumption went from 262.5 MB to 261.7 MB.
Total: 4.542900 ms (FindLiveObjects: 0.490500 ms CreateObjectMapping: 0.437300 ms MarkObjects: 3.298700 ms  DeleteObjects: 0.315400 ms)

AssetImportParameters requested are different than current active one (requested -> active):
  custom:video-decoder-ogg-theora: a1e56fd34408186e4bbccfd4996cb3dc -> 
  custom:container-muxer-webm: aa71ff27fc2769a1b78a27578f13a17b -> 
  custom:container-demuxer-webm: 4f35f7cbe854078d1ac9338744f61a02 -> 
  custom:video-encoder-webm-vp8: eb34c28f22e8b96e1ab97ce403110664 -> 
  custom:audio-encoder-webm-vorbis: bf7c407c2cedff20999df2af8eb42d56 -> 
  custom:framework-win-MediaFoundation: 216162199b28c13a410421893ffa2e32 -> 
  custom:container-demuxer-ogg: 62fdf1f143b41e24485cea50d1cbac27 -> 
  custom:video-decoder-webm-vp8: 9c59270c3fd7afecdb556c50c9e8de78 -> 
  custom:audio-decoder-ogg-vorbis: bf7c407c2cedff20999df2af8eb42d56 -> 
========================================================================
Received Prepare
Registering precompiled user dll's ...
Registered in 0.008929 seconds.
Begin MonoManager ReloadAssembly
Symbol file LoadedFromMemory doesn't match image C:\Users\ADMIN\Desktop\CrosBattleRush\BattleRush\Library\PackageCache\com.unity.visualscripting@1.7.8\Editor\VisualScripting.Core\Dependencies\YamlDotNet\Unity.VisualScripting.YamlDotNet.dll
Symbol file LoadedFromMemory doesn't match image C:\Users\ADMIN\Desktop\CrosBattleRush\BattleRush\Library\PackageCache\com.unity.visualscripting@1.7.8\Editor\VisualScripting.Core\Dependencies\DotNetZip\Unity.VisualScripting.IonicZip.dll
Native extension for WindowsStandalone target not found
Native extension for iOS target not found
Native extension for Android target not found
Refreshing native plugins compatible for Editor in 1.61 ms, found 4 plugins.
Preloading 0 native plugins for Editor in 0.00 ms.
System.InvalidOperationException: Sequence contains no matching element
  at System.Linq.Enumerable.Single[TSource] (System.Collections.Generic.IEnumerable`1[T] source, System.Func`2[T,TResult] predicate) [0x00070] in <109e781b32ec464d8737a667de805742>:0 
  at AdvancedCoroutineInitializer.ApplyExecutionOrderToScript (System.String sctiptName, System.Int32 exucutionIndex) [0x0000d] in C:\Users\ADMIN\Desktop\CrosBattleRush\BattleRush\Assets\CommonLibrary\AdvancedCoroutines\AdvancedCoroutineInitializer.cs:27 
  at AdvancedCoroutineInitializer..cctor () [0x0001f] in C:\Users\ADMIN\Desktop\CrosBattleRush\BattleRush\Assets\CommonLibrary\AdvancedCoroutines\AdvancedCoroutineInitializer.cs:21 
UnityEngine.StackTraceUtility:ExtractStackTrace ()
UnityEngine.DebugLogHandler:LogFormat (UnityEngine.LogType,UnityEngine.Object,string,object[])
UnityEngine.Logger:Log (UnityEngine.LogType,object)
UnityEngine.Debug:LogError (object)
UnityEditor.EditorAssemblies:ProcessInitializeOnLoadAttributes (System.Type[])

UniversalRenderPipelineAsset_Renderer is missing RendererFeatures
This could be due to missing scripts or compile error.
UnityEngine.StackTraceUtility:ExtractStackTrace ()
UnityEngine.DebugLogHandler:LogFormat (UnityEngine.LogType,UnityEngine.Object,string,object[])
UnityEngine.Logger:Log (UnityEngine.LogType,object,UnityEngine.Object)
UnityEngine.Debug:LogError (object,UnityEngine.Object)
UnityEngine.Rendering.Universal.ScriptableRendererData:ValidateRendererFeatures () (at Library/PackageCache/com.unity.render-pipelines.universal@12.1.8/Runtime/ScriptableRendererData.cs:181)
UnityEngine.Rendering.Universal.ScriptableRendererData:OnValidate () (at Library/PackageCache/com.unity.render-pipelines.universal@12.1.8/Runtime/ScriptableRendererData.cs:76)
UnityEngine.Rendering.Universal.UniversalRendererData:OnValidate () (at Library/PackageCache/com.unity.render-pipelines.universal@12.1.8/Runtime/UniversalRendererData.cs:269)

(Filename: Library/PackageCache/com.unity.render-pipelines.universal@12.1.8/Runtime/ScriptableRendererData.cs Line: 181)

Mono: successfully reloaded assembly
- Completed reload, in  1.309 seconds
Domain Reload Profiling:
	ReloadAssembly (1310ms)
		BeginReloadAssembly (140ms)
			ExecutionOrderSort (0ms)
			DisableScriptedObjects (5ms)
			BackupInstance (0ms)
			ReleaseScriptingObjects (0ms)
			CreateAndSetChildDomain (43ms)
		EndReloadAssembly (1065ms)
			LoadAssemblies (101ms)
			RebuildTransferFunctionScriptingTraits (0ms)
			SetupTypeCache (322ms)
			ReleaseScriptCaches (2ms)
			RebuildScriptCaches (52ms)
			SetupLoadedEditorAssemblies (513ms)
				LogAssemblyErrors (0ms)
				InitializePlatformSupportModulesInManaged (30ms)
				SetLoadedEditorAssemblies (1ms)
				RefreshPlugins (2ms)
				BeforeProcessingInitializeOnLoad (108ms)
				ProcessInitializeOnLoadAttributes (288ms)
				ProcessInitializeOnLoadMethodAttributes (77ms)
				AfterProcessingInitializeOnLoad (8ms)
				EditorAssembliesLoaded (0ms)
			ExecutionOrderSort2 (0ms)
			AwakeInstancesAfterBackupRestoration (15ms)
Platform modules already initialized, skipping
Refreshing native plugins compatible for Editor in 4.39 ms, found 4 plugins.
Preloading 0 native plugins for Editor in 0.00 ms.
Unloading 6840 Unused Serialized files (Serialized files now loaded: 0)
Unloading 47 unused Assets / (0.8 MB). Loaded Objects now: 7495.
Memory consumption went from 262.9 MB to 262.2 MB.
Total: 4.119700 ms (FindLiveObjects: 0.488500 ms CreateObjectMapping: 0.462900 ms MarkObjects: 2.852500 ms  DeleteObjects: 0.314800 ms)

AssetImportParameters requested are different than current active one (requested -> active):
  custom:video-decoder-ogg-theora: a1e56fd34408186e4bbccfd4996cb3dc -> 
  custom:container-muxer-webm: aa71ff27fc2769a1b78a27578f13a17b -> 
  custom:container-demuxer-webm: 4f35f7cbe854078d1ac9338744f61a02 -> 
  custom:video-encoder-webm-vp8: eb34c28f22e8b96e1ab97ce403110664 -> 
  custom:audio-encoder-webm-vorbis: bf7c407c2cedff20999df2af8eb42d56 -> 
  custom:framework-win-MediaFoundation: 216162199b28c13a410421893ffa2e32 -> 
  custom:container-demuxer-ogg: 62fdf1f143b41e24485cea50d1cbac27 -> 
  custom:video-decoder-webm-vp8: 9c59270c3fd7afecdb556c50c9e8de78 -> 
  custom:audio-decoder-ogg-vorbis: bf7c407c2cedff20999df2af8eb42d56 -> 
========================================================================
Received Prepare
Registering precompiled user dll's ...
Registered in 0.018927 seconds.
Begin MonoManager ReloadAssembly
Symbol file LoadedFromMemory doesn't match image C:\Users\ADMIN\Desktop\CrosBattleRush\BattleRush\Library\PackageCache\com.unity.visualscripting@1.7.8\Editor\VisualScripting.Core\Dependencies\YamlDotNet\Unity.VisualScripting.YamlDotNet.dll
Symbol file LoadedFromMemory doesn't match image C:\Users\ADMIN\Desktop\CrosBattleRush\BattleRush\Library\PackageCache\com.unity.visualscripting@1.7.8\Editor\VisualScripting.Core\Dependencies\DotNetZip\Unity.VisualScripting.IonicZip.dll
Native extension for WindowsStandalone target not found
Native extension for iOS target not found
Native extension for Android target not found
Refreshing native plugins compatible for Editor in 1.70 ms, found 4 plugins.
Preloading 0 native plugins for Editor in 0.00 ms.
System.InvalidOperationException: Sequence contains no matching element
  at System.Linq.Enumerable.Single[TSource] (System.Collections.Generic.IEnumerable`1[T] source, System.Func`2[T,TResult] predicate) [0x00070] in <109e781b32ec464d8737a667de805742>:0 
  at AdvancedCoroutineInitializer.ApplyExecutionOrderToScript (System.String sctiptName, System.Int32 exucutionIndex) [0x0000d] in C:\Users\ADMIN\Desktop\CrosBattleRush\BattleRush\Assets\CommonLibrary\AdvancedCoroutines\AdvancedCoroutineInitializer.cs:27 
  at AdvancedCoroutineInitializer..cctor () [0x0001f] in C:\Users\ADMIN\Desktop\CrosBattleRush\BattleRush\Assets\CommonLibrary\AdvancedCoroutines\AdvancedCoroutineInitializer.cs:21 
UnityEngine.StackTraceUtility:ExtractStackTrace ()
UnityEngine.DebugLogHandler:LogFormat (UnityEngine.LogType,UnityEngine.Object,string,object[])
UnityEngine.Logger:Log (UnityEngine.LogType,object)
UnityEngine.Debug:LogError (object)
UnityEditor.EditorAssemblies:ProcessInitializeOnLoadAttributes (System.Type[])

UniversalRenderPipelineAsset_Renderer is missing RendererFeatures
This could be due to missing scripts or compile error.
UnityEngine.StackTraceUtility:ExtractStackTrace ()
UnityEngine.DebugLogHandler:LogFormat (UnityEngine.LogType,UnityEngine.Object,string,object[])
UnityEngine.Logger:Log (UnityEngine.LogType,object,UnityEngine.Object)
UnityEngine.Debug:LogError (object,UnityEngine.Object)
UnityEngine.Rendering.Universal.ScriptableRendererData:ValidateRendererFeatures () (at Library/PackageCache/com.unity.render-pipelines.universal@12.1.8/Runtime/ScriptableRendererData.cs:181)
UnityEngine.Rendering.Universal.ScriptableRendererData:OnValidate () (at Library/PackageCache/com.unity.render-pipelines.universal@12.1.8/Runtime/ScriptableRendererData.cs:76)
UnityEngine.Rendering.Universal.UniversalRendererData:OnValidate () (at Library/PackageCache/com.unity.render-pipelines.universal@12.1.8/Runtime/UniversalRendererData.cs:269)

(Filename: Library/PackageCache/com.unity.render-pipelines.universal@12.1.8/Runtime/ScriptableRendererData.cs Line: 181)

Mono: successfully reloaded assembly
- Completed reload, in  1.306 seconds
Domain Reload Profiling:
	ReloadAssembly (1307ms)
		BeginReloadAssembly (139ms)
			ExecutionOrderSort (0ms)
			DisableScriptedObjects (4ms)
			BackupInstance (0ms)
			ReleaseScriptingObjects (0ms)
			CreateAndSetChildDomain (42ms)
		EndReloadAssembly (1068ms)
			LoadAssemblies (100ms)
			RebuildTransferFunctionScriptingTraits (0ms)
			SetupTypeCache (334ms)
			ReleaseScriptCaches (2ms)
			RebuildScriptCaches (54ms)
			SetupLoadedEditorAssemblies (504ms)
				LogAssemblyErrors (0ms)
				InitializePlatformSupportModulesInManaged (30ms)
				SetLoadedEditorAssemblies (0ms)
				RefreshPlugins (2ms)
				BeforeProcessingInitializeOnLoad (104ms)
				ProcessInitializeOnLoadAttributes (282ms)
				ProcessInitializeOnLoadMethodAttributes (77ms)
				AfterProcessingInitializeOnLoad (8ms)
				EditorAssembliesLoaded (0ms)
			ExecutionOrderSort2 (0ms)
			AwakeInstancesAfterBackupRestoration (16ms)
Platform modules already initialized, skipping
Refreshing native plugins compatible for Editor in 4.72 ms, found 4 plugins.
Preloading 0 native plugins for Editor in 0.00 ms.
Unloading 6849 Unused Serialized files (Serialized files now loaded: 0)
Unloading 48 unused Assets / (0.8 MB). Loaded Objects now: 7518.
Memory consumption went from 263.2 MB to 262.4 MB.
Total: 3.903500 ms (FindLiveObjects: 0.488600 ms CreateObjectMapping: 0.465500 ms MarkObjects: 2.596000 ms  DeleteObjects: 0.352400 ms)

AssetImportParameters requested are different than current active one (requested -> active):
  custom:video-decoder-ogg-theora: a1e56fd34408186e4bbccfd4996cb3dc -> 
  custom:container-muxer-webm: aa71ff27fc2769a1b78a27578f13a17b -> 
  custom:container-demuxer-webm: 4f35f7cbe854078d1ac9338744f61a02 -> 
  custom:video-encoder-webm-vp8: eb34c28f22e8b96e1ab97ce403110664 -> 
  custom:audio-encoder-webm-vorbis: bf7c407c2cedff20999df2af8eb42d56 -> 
  custom:framework-win-MediaFoundation: 216162199b28c13a410421893ffa2e32 -> 
  custom:container-demuxer-ogg: 62fdf1f143b41e24485cea50d1cbac27 -> 
  custom:video-decoder-webm-vp8: 9c59270c3fd7afecdb556c50c9e8de78 -> 
  custom:audio-decoder-ogg-vorbis: bf7c407c2cedff20999df2af8eb42d56 -> 
========================================================================
Received Prepare
Registering precompiled user dll's ...
Registered in 0.009114 seconds.
Begin MonoManager ReloadAssembly
Symbol file LoadedFromMemory doesn't match image C:\Users\ADMIN\Desktop\CrosBattleRush\BattleRush\Library\PackageCache\com.unity.visualscripting@1.7.8\Editor\VisualScripting.Core\Dependencies\YamlDotNet\Unity.VisualScripting.YamlDotNet.dll
Symbol file LoadedFromMemory doesn't match image C:\Users\ADMIN\Desktop\CrosBattleRush\BattleRush\Library\PackageCache\com.unity.visualscripting@1.7.8\Editor\VisualScripting.Core\Dependencies\DotNetZip\Unity.VisualScripting.IonicZip.dll
Native extension for WindowsStandalone target not found
Native extension for iOS target not found
Native extension for Android target not found
Refreshing native plugins compatible for Editor in 1.38 ms, found 4 plugins.
Preloading 0 native plugins for Editor in 0.00 ms.
System.InvalidOperationException: Sequence contains no matching element
  at System.Linq.Enumerable.Single[TSource] (System.Collections.Generic.IEnumerable`1[T] source, System.Func`2[T,TResult] predicate) [0x00070] in <109e781b32ec464d8737a667de805742>:0 
  at AdvancedCoroutineInitializer.ApplyExecutionOrderToScript (System.String sctiptName, System.Int32 exucutionIndex) [0x0000d] in C:\Users\ADMIN\Desktop\CrosBattleRush\BattleRush\Assets\CommonLibrary\AdvancedCoroutines\AdvancedCoroutineInitializer.cs:27 
  at AdvancedCoroutineInitializer..cctor () [0x0001f] in C:\Users\ADMIN\Desktop\CrosBattleRush\BattleRush\Assets\CommonLibrary\AdvancedCoroutines\AdvancedCoroutineInitializer.cs:21 
UnityEngine.StackTraceUtility:ExtractStackTrace ()
UnityEngine.DebugLogHandler:LogFormat (UnityEngine.LogType,UnityEngine.Object,string,object[])
UnityEngine.Logger:Log (UnityEngine.LogType,object)
UnityEngine.Debug:LogError (object)
UnityEditor.EditorAssemblies:ProcessInitializeOnLoadAttributes (System.Type[])

UniversalRenderPipelineAsset_Renderer is missing RendererFeatures
This could be due to missing scripts or compile error.
UnityEngine.StackTraceUtility:ExtractStackTrace ()
UnityEngine.DebugLogHandler:LogFormat (UnityEngine.LogType,UnityEngine.Object,string,object[])
UnityEngine.Logger:Log (UnityEngine.LogType,object,UnityEngine.Object)
UnityEngine.Debug:LogError (object,UnityEngine.Object)
UnityEngine.Rendering.Universal.ScriptableRendererData:ValidateRendererFeatures () (at Library/PackageCache/com.unity.render-pipelines.universal@12.1.8/Runtime/ScriptableRendererData.cs:181)
UnityEngine.Rendering.Universal.ScriptableRendererData:OnValidate () (at Library/PackageCache/com.unity.render-pipelines.universal@12.1.8/Runtime/ScriptableRendererData.cs:76)
UnityEngine.Rendering.Universal.UniversalRendererData:OnValidate () (at Library/PackageCache/com.unity.render-pipelines.universal@12.1.8/Runtime/UniversalRendererData.cs:269)

(Filename: Library/PackageCache/com.unity.render-pipelines.universal@12.1.8/Runtime/ScriptableRendererData.cs Line: 181)

Mono: successfully reloaded assembly
- Completed reload, in  1.304 seconds
Domain Reload Profiling:
	ReloadAssembly (1305ms)
		BeginReloadAssembly (135ms)
			ExecutionOrderSort (0ms)
			DisableScriptedObjects (4ms)
			BackupInstance (0ms)
			ReleaseScriptingObjects (0ms)
			CreateAndSetChildDomain (42ms)
		EndReloadAssembly (1072ms)
			LoadAssemblies (98ms)
			RebuildTransferFunctionScriptingTraits (0ms)
			SetupTypeCache (328ms)
			ReleaseScriptCaches (2ms)
			RebuildScriptCaches (60ms)
			SetupLoadedEditorAssemblies (501ms)
				LogAssemblyErrors (0ms)
				InitializePlatformSupportModulesInManaged (30ms)
				SetLoadedEditorAssemblies (0ms)
				RefreshPlugins (1ms)
				BeforeProcessingInitializeOnLoad (108ms)
				ProcessInitializeOnLoadAttributes (278ms)
				ProcessInitializeOnLoadMethodAttributes (75ms)
				AfterProcessingInitializeOnLoad (8ms)
				EditorAssembliesLoaded (0ms)
			ExecutionOrderSort2 (0ms)
			AwakeInstancesAfterBackupRestoration (15ms)
Platform modules already initialized, skipping
Refreshing native plugins compatible for Editor in 4.12 ms, found 4 plugins.
Preloading 0 native plugins for Editor in 0.00 ms.
Unloading 6849 Unused Serialized files (Serialized files now loaded: 0)
Unloading 48 unused Assets / (0.8 MB). Loaded Objects now: 7533.
Memory consumption went from 263.2 MB to 262.4 MB.
Total: 5.060600 ms (FindLiveObjects: 0.499500 ms CreateObjectMapping: 0.652600 ms MarkObjects: 3.558000 ms  DeleteObjects: 0.349500 ms)

AssetImportParameters requested are different than current active one (requested -> active):
  custom:video-decoder-ogg-theora: a1e56fd34408186e4bbccfd4996cb3dc -> 
  custom:container-muxer-webm: aa71ff27fc2769a1b78a27578f13a17b -> 
  custom:container-demuxer-webm: 4f35f7cbe854078d1ac9338744f61a02 -> 
  custom:video-encoder-webm-vp8: eb34c28f22e8b96e1ab97ce403110664 -> 
  custom:audio-encoder-webm-vorbis: bf7c407c2cedff20999df2af8eb42d56 -> 
  custom:framework-win-MediaFoundation: 216162199b28c13a410421893ffa2e32 -> 
  custom:container-demuxer-ogg: 62fdf1f143b41e24485cea50d1cbac27 -> 
  custom:video-decoder-webm-vp8: 9c59270c3fd7afecdb556c50c9e8de78 -> 
  custom:audio-decoder-ogg-vorbis: bf7c407c2cedff20999df2af8eb42d56 -> 
========================================================================
Received Prepare
Registering precompiled user dll's ...
Registered in 0.011350 seconds.
Begin MonoManager ReloadAssembly
Symbol file LoadedFromMemory doesn't match image C:\Users\ADMIN\Desktop\CrosBattleRush\BattleRush\Library\PackageCache\com.unity.visualscripting@1.7.8\Editor\VisualScripting.Core\Dependencies\YamlDotNet\Unity.VisualScripting.YamlDotNet.dll
Symbol file LoadedFromMemory doesn't match image C:\Users\ADMIN\Desktop\CrosBattleRush\BattleRush\Library\PackageCache\com.unity.visualscripting@1.7.8\Editor\VisualScripting.Core\Dependencies\DotNetZip\Unity.VisualScripting.IonicZip.dll
Native extension for WindowsStandalone target not found
Native extension for iOS target not found
Native extension for Android target not found
Refreshing native plugins compatible for Editor in 1.28 ms, found 4 plugins.
Preloading 0 native plugins for Editor in 0.00 ms.
System.InvalidOperationException: Sequence contains no matching element
  at System.Linq.Enumerable.Single[TSource] (System.Collections.Generic.IEnumerable`1[T] source, System.Func`2[T,TResult] predicate) [0x00070] in <109e781b32ec464d8737a667de805742>:0 
  at AdvancedCoroutineInitializer.ApplyExecutionOrderToScript (System.String sctiptName, System.Int32 exucutionIndex) [0x0000d] in C:\Users\ADMIN\Desktop\CrosBattleRush\BattleRush\Assets\CommonLibrary\AdvancedCoroutines\AdvancedCoroutineInitializer.cs:27 
  at AdvancedCoroutineInitializer..cctor () [0x0001f] in C:\Users\ADMIN\Desktop\CrosBattleRush\BattleRush\Assets\CommonLibrary\AdvancedCoroutines\AdvancedCoroutineInitializer.cs:21 
UnityEngine.StackTraceUtility:ExtractStackTrace ()
UnityEngine.DebugLogHandler:LogFormat (UnityEngine.LogType,UnityEngine.Object,string,object[])
UnityEngine.Logger:Log (UnityEngine.LogType,object)
UnityEngine.Debug:LogError (object)
UnityEditor.EditorAssemblies:ProcessInitializeOnLoadAttributes (System.Type[])

UniversalRenderPipelineAsset_Renderer is missing RendererFeatures
This could be due to missing scripts or compile error.
UnityEngine.StackTraceUtility:ExtractStackTrace ()
UnityEngine.DebugLogHandler:LogFormat (UnityEngine.LogType,UnityEngine.Object,string,object[])
UnityEngine.Logger:Log (UnityEngine.LogType,object,UnityEngine.Object)
UnityEngine.Debug:LogError (object,UnityEngine.Object)
UnityEngine.Rendering.Universal.ScriptableRendererData:ValidateRendererFeatures () (at Library/PackageCache/com.unity.render-pipelines.universal@12.1.8/Runtime/ScriptableRendererData.cs:181)
UnityEngine.Rendering.Universal.ScriptableRendererData:OnValidate () (at Library/PackageCache/com.unity.render-pipelines.universal@12.1.8/Runtime/ScriptableRendererData.cs:76)
UnityEngine.Rendering.Universal.UniversalRendererData:OnValidate () (at Library/PackageCache/com.unity.render-pipelines.universal@12.1.8/Runtime/UniversalRendererData.cs:269)

(Filename: Library/PackageCache/com.unity.render-pipelines.universal@12.1.8/Runtime/ScriptableRendererData.cs Line: 181)

Mono: successfully reloaded assembly
- Completed reload, in  1.368 seconds
Domain Reload Profiling:
	ReloadAssembly (1369ms)
		BeginReloadAssembly (136ms)
			ExecutionOrderSort (0ms)
			DisableScriptedObjects (4ms)
			BackupInstance (0ms)
			ReleaseScriptingObjects (0ms)
			CreateAndSetChildDomain (40ms)
		EndReloadAssembly (1128ms)
			LoadAssemblies (99ms)
			RebuildTransferFunctionScriptingTraits (0ms)
			SetupTypeCache (330ms)
			ReleaseScriptCaches (2ms)
			RebuildScriptCaches (53ms)
			SetupLoadedEditorAssemblies (565ms)
				LogAssemblyErrors (0ms)
				InitializePlatformSupportModulesInManaged (29ms)
				SetLoadedEditorAssemblies (0ms)
				RefreshPlugins (1ms)
				BeforeProcessingInitializeOnLoad (103ms)
				ProcessInitializeOnLoadAttributes (281ms)
				ProcessInitializeOnLoadMethodAttributes (141ms)
				AfterProcessingInitializeOnLoad (8ms)
				EditorAssembliesLoaded (0ms)
			ExecutionOrderSort2 (0ms)
			AwakeInstancesAfterBackupRestoration (15ms)
Platform modules already initialized, skipping
Refreshing native plugins compatible for Editor in 4.23 ms, found 4 plugins.
Preloading 0 native plugins for Editor in 0.00 ms.
Unloading 6849 Unused Serialized files (Serialized files now loaded: 0)
Unloading 48 unused Assets / (0.8 MB). Loaded Objects now: 7548.
Memory consumption went from 263.1 MB to 262.3 MB.
Total: 4.482200 ms (FindLiveObjects: 0.497600 ms CreateObjectMapping: 0.441700 ms MarkObjects: 3.186600 ms  DeleteObjects: 0.355200 ms)

AssetImportParameters requested are different than current active one (requested -> active):
  custom:video-decoder-ogg-theora: a1e56fd34408186e4bbccfd4996cb3dc -> 
  custom:container-muxer-webm: aa71ff27fc2769a1b78a27578f13a17b -> 
  custom:container-demuxer-webm: 4f35f7cbe854078d1ac9338744f61a02 -> 
  custom:video-encoder-webm-vp8: eb34c28f22e8b96e1ab97ce403110664 -> 
  custom:audio-encoder-webm-vorbis: bf7c407c2cedff20999df2af8eb42d56 -> 
  custom:framework-win-MediaFoundation: 216162199b28c13a410421893ffa2e32 -> 
  custom:container-demuxer-ogg: 62fdf1f143b41e24485cea50d1cbac27 -> 
  custom:video-decoder-webm-vp8: 9c59270c3fd7afecdb556c50c9e8de78 -> 
  custom:audio-decoder-ogg-vorbis: bf7c407c2cedff20999df2af8eb42d56 -> 
========================================================================
Received Prepare
Registering precompiled user dll's ...
Registered in 0.013459 seconds.
Begin MonoManager ReloadAssembly
Symbol file LoadedFromMemory doesn't match image C:\Users\ADMIN\Desktop\CrosBattleRush\BattleRush\Library\PackageCache\com.unity.visualscripting@1.7.8\Editor\VisualScripting.Core\Dependencies\YamlDotNet\Unity.VisualScripting.YamlDotNet.dll
Symbol file LoadedFromMemory doesn't match image C:\Users\ADMIN\Desktop\CrosBattleRush\BattleRush\Library\PackageCache\com.unity.visualscripting@1.7.8\Editor\VisualScripting.Core\Dependencies\DotNetZip\Unity.VisualScripting.IonicZip.dll
Native extension for WindowsStandalone target not found
Native extension for iOS target not found
Native extension for Android target not found
Refreshing native plugins compatible for Editor in 1.48 ms, found 4 plugins.
Preloading 0 native plugins for Editor in 0.00 ms.
System.InvalidOperationException: Sequence contains no matching element
  at System.Linq.Enumerable.Single[TSource] (System.Collections.Generic.IEnumerable`1[T] source, System.Func`2[T,TResult] predicate) [0x00070] in <109e781b32ec464d8737a667de805742>:0 
  at AdvancedCoroutineInitializer.ApplyExecutionOrderToScript (System.String sctiptName, System.Int32 exucutionIndex) [0x0000d] in C:\Users\ADMIN\Desktop\CrosBattleRush\BattleRush\Assets\CommonLibrary\AdvancedCoroutines\AdvancedCoroutineInitializer.cs:27 
  at AdvancedCoroutineInitializer..cctor () [0x0001f] in C:\Users\ADMIN\Desktop\CrosBattleRush\BattleRush\Assets\CommonLibrary\AdvancedCoroutines\AdvancedCoroutineInitializer.cs:21 
UnityEngine.StackTraceUtility:ExtractStackTrace ()
UnityEngine.DebugLogHandler:LogFormat (UnityEngine.LogType,UnityEngine.Object,string,object[])
UnityEngine.Logger:Log (UnityEngine.LogType,object)
UnityEngine.Debug:LogError (object)
UnityEditor.EditorAssemblies:ProcessInitializeOnLoadAttributes (System.Type[])

UniversalRenderPipelineAsset_Renderer is missing RendererFeatures
This could be due to missing scripts or compile error.
UnityEngine.StackTraceUtility:ExtractStackTrace ()
UnityEngine.DebugLogHandler:LogFormat (UnityEngine.LogType,UnityEngine.Object,string,object[])
UnityEngine.Logger:Log (UnityEngine.LogType,object,UnityEngine.Object)
UnityEngine.Debug:LogError (object,UnityEngine.Object)
UnityEngine.Rendering.Universal.ScriptableRendererData:ValidateRendererFeatures () (at Library/PackageCache/com.unity.render-pipelines.universal@12.1.8/Runtime/ScriptableRendererData.cs:181)
UnityEngine.Rendering.Universal.ScriptableRendererData:OnValidate () (at Library/PackageCache/com.unity.render-pipelines.universal@12.1.8/Runtime/ScriptableRendererData.cs:76)
UnityEngine.Rendering.Universal.UniversalRendererData:OnValidate () (at Library/PackageCache/com.unity.render-pipelines.universal@12.1.8/Runtime/UniversalRendererData.cs:269)

(Filename: Library/PackageCache/com.unity.render-pipelines.universal@12.1.8/Runtime/ScriptableRendererData.cs Line: 181)

Mono: successfully reloaded assembly
- Completed reload, in  1.326 seconds
Domain Reload Profiling:
	ReloadAssembly (1326ms)
		BeginReloadAssembly (150ms)
			ExecutionOrderSort (0ms)
			DisableScriptedObjects (7ms)
			BackupInstance (0ms)
			ReleaseScriptingObjects (0ms)
			CreateAndSetChildDomain (46ms)
		EndReloadAssembly (1072ms)
			LoadAssemblies (103ms)
			RebuildTransferFunctionScriptingTraits (0ms)
			SetupTypeCache (329ms)
			ReleaseScriptCaches (2ms)
			RebuildScriptCaches (55ms)
			SetupLoadedEditorAssemblies (506ms)
				LogAssemblyErrors (0ms)
				InitializePlatformSupportModulesInManaged (30ms)
				SetLoadedEditorAssemblies (0ms)
				RefreshPlugins (2ms)
				BeforeProcessingInitializeOnLoad (105ms)
				ProcessInitializeOnLoadAttributes (283ms)
				ProcessInitializeOnLoadMethodAttributes (78ms)
				AfterProcessingInitializeOnLoad (8ms)
				EditorAssembliesLoaded (0ms)
			ExecutionOrderSort2 (0ms)
			AwakeInstancesAfterBackupRestoration (19ms)
Platform modules already initialized, skipping
Refreshing native plugins compatible for Editor in 4.75 ms, found 4 plugins.
Preloading 0 native plugins for Editor in 0.00 ms.
Unloading 6864 Unused Serialized files (Serialized files now loaded: 0)
Unloading 58 unused Assets / (0.8 MB). Loaded Objects now: 7573.
Memory consumption went from 263.7 MB to 263.0 MB.
Total: 4.309500 ms (FindLiveObjects: 0.505900 ms CreateObjectMapping: 0.425400 ms MarkObjects: 3.041800 ms  DeleteObjects: 0.335700 ms)

AssetImportParameters requested are different than current active one (requested -> active):
  custom:video-decoder-ogg-theora: a1e56fd34408186e4bbccfd4996cb3dc -> 
  custom:container-muxer-webm: aa71ff27fc2769a1b78a27578f13a17b -> 
  custom:container-demuxer-webm: 4f35f7cbe854078d1ac9338744f61a02 -> 
  custom:video-encoder-webm-vp8: eb34c28f22e8b96e1ab97ce403110664 -> 
  custom:audio-encoder-webm-vorbis: bf7c407c2cedff20999df2af8eb42d56 -> 
  custom:framework-win-MediaFoundation: 216162199b28c13a410421893ffa2e32 -> 
  custom:container-demuxer-ogg: 62fdf1f143b41e24485cea50d1cbac27 -> 
  custom:video-decoder-webm-vp8: 9c59270c3fd7afecdb556c50c9e8de78 -> 
  custom:audio-decoder-ogg-vorbis: bf7c407c2cedff20999df2af8eb42d56 -> 
========================================================================
Received Prepare
Registering precompiled user dll's ...
Registered in 0.012183 seconds.
Begin MonoManager ReloadAssembly
Symbol file LoadedFromMemory doesn't match image C:\Users\ADMIN\Desktop\CrosBattleRush\BattleRush\Library\PackageCache\com.unity.visualscripting@1.7.8\Editor\VisualScripting.Core\Dependencies\YamlDotNet\Unity.VisualScripting.YamlDotNet.dll
Symbol file LoadedFromMemory doesn't match image C:\Users\ADMIN\Desktop\CrosBattleRush\BattleRush\Library\PackageCache\com.unity.visualscripting@1.7.8\Editor\VisualScripting.Core\Dependencies\DotNetZip\Unity.VisualScripting.IonicZip.dll
Native extension for WindowsStandalone target not found
Native extension for iOS target not found
Native extension for Android target not found
Refreshing native plugins compatible for Editor in 1.34 ms, found 4 plugins.
Preloading 0 native plugins for Editor in 0.00 ms.
System.InvalidOperationException: Sequence contains no matching element
  at System.Linq.Enumerable.Single[TSource] (System.Collections.Generic.IEnumerable`1[T] source, System.Func`2[T,TResult] predicate) [0x00070] in <109e781b32ec464d8737a667de805742>:0 
  at AdvancedCoroutineInitializer.ApplyExecutionOrderToScript (System.String sctiptName, System.Int32 exucutionIndex) [0x0000d] in C:\Users\ADMIN\Desktop\CrosBattleRush\BattleRush\Assets\CommonLibrary\AdvancedCoroutines\AdvancedCoroutineInitializer.cs:27 
  at AdvancedCoroutineInitializer..cctor () [0x0001f] in C:\Users\ADMIN\Desktop\CrosBattleRush\BattleRush\Assets\CommonLibrary\AdvancedCoroutines\AdvancedCoroutineInitializer.cs:21 
UnityEngine.StackTraceUtility:ExtractStackTrace ()
UnityEngine.DebugLogHandler:LogFormat (UnityEngine.LogType,UnityEngine.Object,string,object[])
UnityEngine.Logger:Log (UnityEngine.LogType,object)
UnityEngine.Debug:LogError (object)
UnityEditor.EditorAssemblies:ProcessInitializeOnLoadAttributes (System.Type[])

UniversalRenderPipelineAsset_Renderer is missing RendererFeatures
This could be due to missing scripts or compile error.
UnityEngine.StackTraceUtility:ExtractStackTrace ()
UnityEngine.DebugLogHandler:LogFormat (UnityEngine.LogType,UnityEngine.Object,string,object[])
UnityEngine.Logger:Log (UnityEngine.LogType,object,UnityEngine.Object)
UnityEngine.Debug:LogError (object,UnityEngine.Object)
UnityEngine.Rendering.Universal.ScriptableRendererData:ValidateRendererFeatures () (at Library/PackageCache/com.unity.render-pipelines.universal@12.1.8/Runtime/ScriptableRendererData.cs:181)
UnityEngine.Rendering.Universal.ScriptableRendererData:OnValidate () (at Library/PackageCache/com.unity.render-pipelines.universal@12.1.8/Runtime/ScriptableRendererData.cs:76)
UnityEngine.Rendering.Universal.UniversalRendererData:OnValidate () (at Library/PackageCache/com.unity.render-pipelines.universal@12.1.8/Runtime/UniversalRendererData.cs:269)

(Filename: Library/PackageCache/com.unity.render-pipelines.universal@12.1.8/Runtime/ScriptableRendererData.cs Line: 181)

Mono: successfully reloaded assembly
- Completed reload, in  1.291 seconds
Domain Reload Profiling:
	ReloadAssembly (1291ms)
		BeginReloadAssembly (135ms)
			ExecutionOrderSort (0ms)
			DisableScriptedObjects (5ms)
			BackupInstance (0ms)
			ReleaseScriptingObjects (0ms)
			CreateAndSetChildDomain (39ms)
		EndReloadAssembly (1058ms)
			LoadAssemblies (97ms)
			RebuildTransferFunctionScriptingTraits (0ms)
			SetupTypeCache (322ms)
			ReleaseScriptCaches (2ms)
			RebuildScriptCaches (53ms)
			SetupLoadedEditorAssemblies (498ms)
				LogAssemblyErrors (0ms)
				InitializePlatformSupportModulesInManaged (30ms)
				SetLoadedEditorAssemblies (0ms)
				RefreshPlugins (1ms)
				BeforeProcessingInitializeOnLoad (104ms)
				ProcessInitializeOnLoadAttributes (279ms)
				ProcessInitializeOnLoadMethodAttributes (76ms)
				AfterProcessingInitializeOnLoad (8ms)
				EditorAssembliesLoaded (0ms)
			ExecutionOrderSort2 (0ms)
			AwakeInstancesAfterBackupRestoration (16ms)
Platform modules already initialized, skipping
Refreshing native plugins compatible for Editor in 4.63 ms, found 4 plugins.
Preloading 0 native plugins for Editor in 0.00 ms.
Unloading 6864 Unused Serialized files (Serialized files now loaded: 0)
Unloading 58 unused Assets / (0.8 MB). Loaded Objects now: 7588.
Memory consumption went from 263.7 MB to 263.0 MB.
Total: 4.299100 ms (FindLiveObjects: 0.490900 ms CreateObjectMapping: 0.442900 ms MarkObjects: 3.031500 ms  DeleteObjects: 0.333000 ms)

AssetImportParameters requested are different than current active one (requested -> active):
  custom:video-decoder-ogg-theora: a1e56fd34408186e4bbccfd4996cb3dc -> 
  custom:container-muxer-webm: aa71ff27fc2769a1b78a27578f13a17b -> 
  custom:container-demuxer-webm: 4f35f7cbe854078d1ac9338744f61a02 -> 
  custom:video-encoder-webm-vp8: eb34c28f22e8b96e1ab97ce403110664 -> 
  custom:audio-encoder-webm-vorbis: bf7c407c2cedff20999df2af8eb42d56 -> 
  custom:framework-win-MediaFoundation: 216162199b28c13a410421893ffa2e32 -> 
  custom:container-demuxer-ogg: 62fdf1f143b41e24485cea50d1cbac27 -> 
  custom:video-decoder-webm-vp8: 9c59270c3fd7afecdb556c50c9e8de78 -> 
  custom:audio-decoder-ogg-vorbis: bf7c407c2cedff20999df2af8eb42d56 -> 
========================================================================
Received Import Request.
  Time since last request: 367.885396 seconds.
  path: Assets/Ads/AdsManager.cs
  artifactKey: Guid(99a4b713c5a2b3e4ea95e73f4f7965c2) Importer(815301076,1909f56bfc062723c751e8b465ee728b)
Start importing Assets/Ads/AdsManager.cs using Guid(99a4b713c5a2b3e4ea95e73f4f7965c2) Importer(815301076,1909f56bfc062723c751e8b465ee728b)  -> (artifact id: '1b6cfa44f6776228b864bf9666a1ed45') in 0.022928 seconds 
========================================================================
Received Prepare
Registering precompiled user dll's ...
Registered in 0.012124 seconds.
Begin MonoManager ReloadAssembly
Symbol file LoadedFromMemory doesn't match image C:\Users\ADMIN\Desktop\CrosBattleRush\BattleRush\Library\PackageCache\com.unity.visualscripting@1.7.8\Editor\VisualScripting.Core\Dependencies\YamlDotNet\Unity.VisualScripting.YamlDotNet.dll
Symbol file LoadedFromMemory doesn't match image C:\Users\ADMIN\Desktop\CrosBattleRush\BattleRush\Library\PackageCache\com.unity.visualscripting@1.7.8\Editor\VisualScripting.Core\Dependencies\DotNetZip\Unity.VisualScripting.IonicZip.dll
Native extension for WindowsStandalone target not found
Native extension for iOS target not found
Native extension for Android target not found
Refreshing native plugins compatible for Editor in 1.64 ms, found 4 plugins.
Preloading 0 native plugins for Editor in 0.00 ms.
System.InvalidOperationException: Sequence contains no matching element
  at System.Linq.Enumerable.Single[TSource] (System.Collections.Generic.IEnumerable`1[T] source, System.Func`2[T,TResult] predicate) [0x00070] in <109e781b32ec464d8737a667de805742>:0 
  at AdvancedCoroutineInitializer.ApplyExecutionOrderToScript (System.String sctiptName, System.Int32 exucutionIndex) [0x0000d] in C:\Users\ADMIN\Desktop\CrosBattleRush\BattleRush\Assets\CommonLibrary\AdvancedCoroutines\AdvancedCoroutineInitializer.cs:27 
  at AdvancedCoroutineInitializer..cctor () [0x0001f] in C:\Users\ADMIN\Desktop\CrosBattleRush\BattleRush\Assets\CommonLibrary\AdvancedCoroutines\AdvancedCoroutineInitializer.cs:21 
UnityEngine.StackTraceUtility:ExtractStackTrace ()
UnityEngine.DebugLogHandler:LogFormat (UnityEngine.LogType,UnityEngine.Object,string,object[])
UnityEngine.Logger:Log (UnityEngine.LogType,object)
UnityEngine.Debug:LogError (object)
UnityEditor.EditorAssemblies:ProcessInitializeOnLoadAttributes (System.Type[])

UniversalRenderPipelineAsset_Renderer is missing RendererFeatures
This could be due to missing scripts or compile error.
UnityEngine.StackTraceUtility:ExtractStackTrace ()
UnityEngine.DebugLogHandler:LogFormat (UnityEngine.LogType,UnityEngine.Object,string,object[])
UnityEngine.Logger:Log (UnityEngine.LogType,object,UnityEngine.Object)
UnityEngine.Debug:LogError (object,UnityEngine.Object)
UnityEngine.Rendering.Universal.ScriptableRendererData:ValidateRendererFeatures () (at Library/PackageCache/com.unity.render-pipelines.universal@12.1.8/Runtime/ScriptableRendererData.cs:181)
UnityEngine.Rendering.Universal.ScriptableRendererData:OnValidate () (at Library/PackageCache/com.unity.render-pipelines.universal@12.1.8/Runtime/ScriptableRendererData.cs:76)
UnityEngine.Rendering.Universal.UniversalRendererData:OnValidate () (at Library/PackageCache/com.unity.render-pipelines.universal@12.1.8/Runtime/UniversalRendererData.cs:269)

(Filename: Library/PackageCache/com.unity.render-pipelines.universal@12.1.8/Runtime/ScriptableRendererData.cs Line: 181)

Mono: successfully reloaded assembly
- Completed reload, in  1.349 seconds
Domain Reload Profiling:
	ReloadAssembly (1350ms)
		BeginReloadAssembly (141ms)
			ExecutionOrderSort (0ms)
			DisableScriptedObjects (5ms)
			BackupInstance (0ms)
			ReleaseScriptingObjects (0ms)
			CreateAndSetChildDomain (42ms)
		EndReloadAssembly (1108ms)
			LoadAssemblies (105ms)
			RebuildTransferFunctionScriptingTraits (0ms)
			SetupTypeCache (320ms)
			ReleaseScriptCaches (2ms)
			RebuildScriptCaches (52ms)
			SetupLoadedEditorAssemblies (545ms)
				LogAssemblyErrors (0ms)
				InitializePlatformSupportModulesInManaged (31ms)
				SetLoadedEditorAssemblies (0ms)
				RefreshPlugins (2ms)
				BeforeProcessingInitializeOnLoad (127ms)
				ProcessInitializeOnLoadAttributes (291ms)
				ProcessInitializeOnLoadMethodAttributes (83ms)
				AfterProcessingInitializeOnLoad (11ms)
				EditorAssembliesLoaded (0ms)
			ExecutionOrderSort2 (0ms)
			AwakeInstancesAfterBackupRestoration (22ms)
Platform modules already initialized, skipping
Refreshing native plugins compatible for Editor in 4.75 ms, found 4 plugins.
Preloading 0 native plugins for Editor in 0.00 ms.
Unloading 6867 Unused Serialized files (Serialized files now loaded: 0)
Unloading 58 unused Assets / (0.8 MB). Loaded Objects now: 7606.
Memory consumption went from 263.9 MB to 263.1 MB.
Total: 4.126100 ms (FindLiveObjects: 0.500000 ms CreateObjectMapping: 0.458000 ms MarkObjects: 2.760100 ms  DeleteObjects: 0.407200 ms)

AssetImportParameters requested are different than current active one (requested -> active):
  custom:video-decoder-ogg-theora: a1e56fd34408186e4bbccfd4996cb3dc -> 
  custom:container-muxer-webm: aa71ff27fc2769a1b78a27578f13a17b -> 
  custom:container-demuxer-webm: 4f35f7cbe854078d1ac9338744f61a02 -> 
  custom:video-encoder-webm-vp8: eb34c28f22e8b96e1ab97ce403110664 -> 
  custom:audio-encoder-webm-vorbis: bf7c407c2cedff20999df2af8eb42d56 -> 
  custom:framework-win-MediaFoundation: 216162199b28c13a410421893ffa2e32 -> 
  custom:container-demuxer-ogg: 62fdf1f143b41e24485cea50d1cbac27 -> 
  custom:video-decoder-webm-vp8: 9c59270c3fd7afecdb556c50c9e8de78 -> 
  custom:audio-decoder-ogg-vorbis: bf7c407c2cedff20999df2af8eb42d56 -> 
========================================================================
Received Prepare
Registering precompiled user dll's ...
Registered in 0.016240 seconds.
Begin MonoManager ReloadAssembly
Symbol file LoadedFromMemory doesn't match image C:\Users\ADMIN\Desktop\CrosBattleRush\BattleRush\Library\PackageCache\com.unity.visualscripting@1.7.8\Editor\VisualScripting.Core\Dependencies\YamlDotNet\Unity.VisualScripting.YamlDotNet.dll
Symbol file LoadedFromMemory doesn't match image C:\Users\ADMIN\Desktop\CrosBattleRush\BattleRush\Library\PackageCache\com.unity.visualscripting@1.7.8\Editor\VisualScripting.Core\Dependencies\DotNetZip\Unity.VisualScripting.IonicZip.dll
Native extension for WindowsStandalone target not found
Native extension for iOS target not found
Native extension for Android target not found
Refreshing native plugins compatible for Editor in 1.37 ms, found 4 plugins.
Preloading 0 native plugins for Editor in 0.00 ms.
System.InvalidOperationException: Sequence contains no matching element
  at System.Linq.Enumerable.Single[TSource] (System.Collections.Generic.IEnumerable`1[T] source, System.Func`2[T,TResult] predicate) [0x00070] in <109e781b32ec464d8737a667de805742>:0 
  at AdvancedCoroutineInitializer.ApplyExecutionOrderToScript (System.String sctiptName, System.Int32 exucutionIndex) [0x0000d] in C:\Users\ADMIN\Desktop\CrosBattleRush\BattleRush\Assets\CommonLibrary\AdvancedCoroutines\AdvancedCoroutineInitializer.cs:27 
  at AdvancedCoroutineInitializer..cctor () [0x0001f] in C:\Users\ADMIN\Desktop\CrosBattleRush\BattleRush\Assets\CommonLibrary\AdvancedCoroutines\AdvancedCoroutineInitializer.cs:21 
UnityEngine.StackTraceUtility:ExtractStackTrace ()
UnityEngine.DebugLogHandler:LogFormat (UnityEngine.LogType,UnityEngine.Object,string,object[])
UnityEngine.Logger:Log (UnityEngine.LogType,object)
UnityEngine.Debug:LogError (object)
UnityEditor.EditorAssemblies:ProcessInitializeOnLoadAttributes (System.Type[])

UniversalRenderPipelineAsset_Renderer is missing RendererFeatures
This could be due to missing scripts or compile error.
UnityEngine.StackTraceUtility:ExtractStackTrace ()
UnityEngine.DebugLogHandler:LogFormat (UnityEngine.LogType,UnityEngine.Object,string,object[])
UnityEngine.Logger:Log (UnityEngine.LogType,object,UnityEngine.Object)
UnityEngine.Debug:LogError (object,UnityEngine.Object)
UnityEngine.Rendering.Universal.ScriptableRendererData:ValidateRendererFeatures () (at Library/PackageCache/com.unity.render-pipelines.universal@12.1.8/Runtime/ScriptableRendererData.cs:181)
UnityEngine.Rendering.Universal.ScriptableRendererData:OnValidate () (at Library/PackageCache/com.unity.render-pipelines.universal@12.1.8/Runtime/ScriptableRendererData.cs:76)
UnityEngine.Rendering.Universal.UniversalRendererData:OnValidate () (at Library/PackageCache/com.unity.render-pipelines.universal@12.1.8/Runtime/UniversalRendererData.cs:269)

(Filename: Library/PackageCache/com.unity.render-pipelines.universal@12.1.8/Runtime/ScriptableRendererData.cs Line: 181)

Mono: successfully reloaded assembly
- Completed reload, in  1.652 seconds
Domain Reload Profiling:
	ReloadAssembly (1653ms)
		BeginReloadAssembly (140ms)
			ExecutionOrderSort (0ms)
			DisableScriptedObjects (4ms)
			BackupInstance (0ms)
			ReleaseScriptingObjects (0ms)
			CreateAndSetChildDomain (41ms)
		EndReloadAssembly (1410ms)
			LoadAssemblies (105ms)
			RebuildTransferFunctionScriptingTraits (0ms)
			SetupTypeCache (660ms)
			ReleaseScriptCaches (2ms)
			RebuildScriptCaches (52ms)
			SetupLoadedEditorAssemblies (520ms)
				LogAssemblyErrors (0ms)
				InitializePlatformSupportModulesInManaged (33ms)
				SetLoadedEditorAssemblies (1ms)
				RefreshPlugins (1ms)
				BeforeProcessingInitializeOnLoad (108ms)
				ProcessInitializeOnLoadAttributes (291ms)
				ProcessInitializeOnLoadMethodAttributes (78ms)
				AfterProcessingInitializeOnLoad (8ms)
				EditorAssembliesLoaded (0ms)
			ExecutionOrderSort2 (0ms)
			AwakeInstancesAfterBackupRestoration (16ms)
Platform modules already initialized, skipping
Refreshing native plugins compatible for Editor in 4.69 ms, found 4 plugins.
Preloading 0 native plugins for Editor in 0.00 ms.
Unloading 6871 Unused Serialized files (Serialized files now loaded: 0)
Unloading 58 unused Assets / (0.8 MB). Loaded Objects now: 7625.
Memory consumption went from 264.0 MB to 263.2 MB.
Total: 4.824100 ms (FindLiveObjects: 0.641100 ms CreateObjectMapping: 0.795900 ms MarkObjects: 3.038500 ms  DeleteObjects: 0.347600 ms)

AssetImportParameters requested are different than current active one (requested -> active):
  custom:video-decoder-ogg-theora: a1e56fd34408186e4bbccfd4996cb3dc -> 
  custom:container-muxer-webm: aa71ff27fc2769a1b78a27578f13a17b -> 
  custom:container-demuxer-webm: 4f35f7cbe854078d1ac9338744f61a02 -> 
  custom:video-encoder-webm-vp8: eb34c28f22e8b96e1ab97ce403110664 -> 
  custom:audio-encoder-webm-vorbis: bf7c407c2cedff20999df2af8eb42d56 -> 
  custom:framework-win-MediaFoundation: 216162199b28c13a410421893ffa2e32 -> 
  custom:container-demuxer-ogg: 62fdf1f143b41e24485cea50d1cbac27 -> 
  custom:video-decoder-webm-vp8: 9c59270c3fd7afecdb556c50c9e8de78 -> 
  custom:audio-decoder-ogg-vorbis: bf7c407c2cedff20999df2af8eb42d56 -> 
